#
# There is insufficient memory for the Java Runtime Environment to continue.
# Native memory allocation (malloc) failed to allocate 1403216 bytes for Chunk::new
# Possible reasons:
#   The system is out of physical RAM or swap space
#   In 32 bit mode, the process size limit was hit
# Possible solutions:
#   Reduce memory load on the system
#   Increase physical memory or swap space
#   Check if swap backing store is full
#   Use 64 bit Java on a 64 bit OS
#   Decrease Java heap size (-Xmx/-Xms)
#   Decrease number of Java threads
#   Decrease Java thread stack sizes (-Xss)
#   Set larger code cache with -XX:ReservedCodeCacheSize=
# This output file may be truncated or incomplete.
#
#  Out of Memory Error (allocation.cpp:390), pid=9040, tid=0x0000000000000e28
#
# JRE version: OpenJDK Runtime Environment (8.0_76-b03) (build 1.8.0_76-release-b03)
# Java VM: OpenJDK 64-Bit Server VM (25.76-b03 mixed mode windows-amd64 compressed oops)
# Failed to write core dump. Minidumps are not enabled by default on client versions of Windows
#

---------------  T H R E A D  ---------------

Current thread (0x00000000579d6800):  JavaThread "C2 CompilerThread1" daemon [_thread_in_native, id=3624, stack(0x00000000581a0000,0x00000000582a0000)]

Stack: [0x00000000581a0000,0x00000000582a0000]
[error occurred during error reporting (printing stack bounds), id 0xc0000005]

Native frames: (J=compiled Java code, j=interpreted, Vv=VM code, C=native code)


Current CompileTask:
C2:11681878 19906   !   4       com.google.common.util.concurrent.ExecutionList::execute (86 bytes)


---------------  P R O C E S S  ---------------

Java Threads: ( => current thread )
  0x0000000060d39000 JavaThread "stdout" daemon [_thread_in_native, id=14464, stack(0x00000000679c0000,0x0000000067ac0000)]
  0x0000000060d38800 JavaThread "stderr" daemon [_thread_in_native, id=14092, stack(0x0000000068250000,0x0000000068350000)]
  0x0000000060d37800 JavaThread "stdout" daemon [_thread_in_native, id=13320, stack(0x00000000680a0000,0x00000000681a0000)]
  0x0000000060d37000 JavaThread "stderr" daemon [_thread_in_native, id=13076, stack(0x0000000067e60000,0x0000000067f60000)]
  0x0000000060d36000 JavaThread "stdout" daemon [_thread_in_native, id=8368, stack(0x0000000067d20000,0x0000000067e20000)]
  0x0000000060d35800 JavaThread "stderr" daemon [_thread_in_native, id=14256, stack(0x0000000067af0000,0x0000000067bf0000)]
  0x0000000060d34800 JavaThread "stdout" daemon [_thread_in_native, id=13364, stack(0x0000000067770000,0x0000000067870000)]
  0x0000000060d34000 JavaThread "stderr" daemon [_thread_in_native, id=14532, stack(0x00000000678b0000,0x00000000679b0000)]
  0x0000000060d33000 JavaThread "stdout" daemon [_thread_in_native, id=15092, stack(0x0000000067620000,0x0000000067720000)]
  0x0000000060d32800 JavaThread "stderr" daemon [_thread_in_native, id=12608, stack(0x00000000670b0000,0x00000000671b0000)]
  0x000000006145f000 JavaThread "stdout" daemon [_thread_in_native, id=12792, stack(0x0000000067460000,0x0000000067560000)]
  0x000000006145e000 JavaThread "stderr" daemon [_thread_in_native, id=13492, stack(0x0000000066d70000,0x0000000066e70000)]
  0x000000006145d800 JavaThread "stdout" daemon [_thread_in_native, id=13440, stack(0x0000000066b30000,0x0000000066c30000)]
  0x000000006145c800 JavaThread "stderr" daemon [_thread_in_native, id=10596, stack(0x0000000067340000,0x0000000067440000)]
  0x000000006145c000 JavaThread "stdout" daemon [_thread_in_native, id=12024, stack(0x00000000671f0000,0x00000000672f0000)]
  0x000000006145b000 JavaThread "stderr" daemon [_thread_in_native, id=14648, stack(0x00000000668d0000,0x00000000669d0000)]
  0x000000006145a800 JavaThread "stdout" daemon [_thread_in_native, id=10972, stack(0x0000000066fb0000,0x00000000670b0000)]
  0x0000000061459800 JavaThread "stderr" daemon [_thread_in_native, id=10988, stack(0x0000000066e70000,0x0000000066f70000)]
  0x000000005cf3d000 JavaThread "png-cruncher_530" daemon [_thread_blocked, id=14056, stack(0x00000000651d0000,0x00000000652d0000)]
  0x000000005cf3c800 JavaThread "png-cruncher_529" daemon [_thread_blocked, id=15312, stack(0x00000000648a0000,0x00000000649a0000)]
  0x000000005cf3b800 JavaThread "png-cruncher_528" daemon [_thread_blocked, id=14212, stack(0x000000005a0a0000,0x000000005a1a0000)]
  0x000000005cf3b000 JavaThread "png-cruncher_527" daemon [_thread_blocked, id=15292, stack(0x00000000669f0000,0x0000000066af0000)]
  0x000000005cf3a000 JavaThread "png-cruncher_526" daemon [_thread_blocked, id=4004, stack(0x00000000667b0000,0x00000000668b0000)]
  0x000000005cf39800 JavaThread "pool-274-thread-1" [_thread_blocked, id=14428, stack(0x0000000064ce0000,0x0000000064de0000)]
  0x000000005cf38800 JavaThread "png-cruncher_525" daemon [_thread_blocked, id=10732, stack(0x0000000066630000,0x0000000066730000)]
  0x000000005cf38000 JavaThread "png-cruncher_524" daemon [_thread_blocked, id=14340, stack(0x00000000653d0000,0x00000000654d0000)]
  0x000000005cf37000 JavaThread "png-cruncher_523" daemon [_thread_blocked, id=13336, stack(0x00000000654d0000,0x00000000655d0000)]
  0x000000005cf36800 JavaThread "png-cruncher_522" daemon [_thread_blocked, id=10188, stack(0x00000000652d0000,0x00000000653d0000)]
  0x0000000058bd3800 JavaThread "png-cruncher_521" daemon [_thread_blocked, id=14072, stack(0x00000000650d0000,0x00000000651d0000)]
  0x0000000058bd5000 JavaThread "pool-273-thread-4" [_thread_blocked, id=13004, stack(0x000000005f490000,0x000000005f590000)]
  0x0000000058bd4800 JavaThread "pool-273-thread-3" [_thread_blocked, id=15088, stack(0x00000000649b0000,0x0000000064ab0000)]
  0x000000005e6da800 JavaThread "pool-273-thread-2" [_thread_blocked, id=15200, stack(0x000000005bf80000,0x000000005c080000)]
  0x000000005e6df000 JavaThread "pool-273-thread-1" [_thread_blocked, id=8792, stack(0x0000000062090000,0x0000000062190000)]
  0x000000005e6de800 JavaThread "Stdin handler" [_thread_blocked, id=10480, stack(0x0000000061cd0000,0x0000000061dd0000)]
  0x000000005e6e0000 JavaThread "Asynchronous log dispatcher for org.gradle.launcher.daemon.server.DefaultDaemonConnection@48517457" [_thread_blocked, id=7572, stack(0x000000005ac50000,0x000000005ad50000)]
  0x000000005e6dd000 JavaThread "Daemon worker Thread 6" [_thread_in_native, id=14568, stack(0x000000005aab0000,0x000000005abb0000)]
  0x000000005e6db800 JavaThread "Cancel handler" [_thread_blocked, id=13132, stack(0x000000005a8d0000,0x000000005a9d0000)]
  0x000000005e6dd800 JavaThread "Handler for socket connection from /127.0.0.1:4631 to /127.0.0.1:47860" [_thread_in_native, id=12352, stack(0x000000005a5f0000,0x000000005a6f0000)]
  0x000000005e6dc000 JavaThread "Daemon Thread 6" [_thread_blocked, id=14572, stack(0x000000005a790000,0x000000005a890000)]
  0x0000000058bd7800 JavaThread "pool-9-thread-4" [_thread_blocked, id=10068, stack(0x00000000643a0000,0x00000000644a0000)]
  0x0000000058bd6800 JavaThread "pool-9-thread-3" [_thread_blocked, id=9336, stack(0x00000000641b0000,0x00000000642b0000)]
  0x0000000058bd9000 JavaThread "pool-9-thread-2" [_thread_blocked, id=10076, stack(0x0000000064050000,0x0000000064150000)]
  0x0000000058bd6000 JavaThread "pool-9-thread-1" [_thread_blocked, id=9348, stack(0x0000000063e70000,0x0000000063f70000)]
  0x0000000059bcc000 JavaThread "File lock request listener" [_thread_in_native, id=9064, stack(0x000000005b470000,0x000000005b570000)]
  0x00000000596fb000 JavaThread "pool-1-thread-1" [_thread_blocked, id=8604, stack(0x000000005a4d0000,0x000000005a5d0000)]
  0x000000005988b000 JavaThread "Incoming local TCP Connector on port 4631" [_thread_in_native, id=7528, stack(0x00000000586a0000,0x00000000587a0000)]
  0x00000000579ff800 JavaThread "Service Thread" daemon [_thread_blocked, id=9084, stack(0x0000000058560000,0x0000000058660000)]
  0x00000000579d7800 JavaThread "C1 CompilerThread2" daemon [_thread_blocked, id=1096, stack(0x0000000058320000,0x0000000058420000)]
=>0x00000000579d6800 JavaThread "C2 CompilerThread1" daemon [_thread_in_native, id=3624, stack(0x00000000581a0000,0x00000000582a0000)]
  0x00000000579cb800 JavaThread "C2 CompilerThread0" daemon [_thread_in_vm, id=1200, stack(0x00000000573e0000,0x00000000574e0000)]
  0x00000000579ca000 JavaThread "Attach Listener" daemon [_thread_blocked, id=6912, stack(0x0000000058020000,0x0000000058120000)]
  0x00000000579c9000 JavaThread "Signal Dispatcher" daemon [_thread_blocked, id=7188, stack(0x0000000057e30000,0x0000000057f30000)]
  0x00000000564b8000 JavaThread "Finalizer" daemon [_thread_blocked, id=7580, stack(0x00000000578c0000,0x00000000579c0000)]
  0x0000000056471000 JavaThread "Reference Handler" daemon [_thread_blocked, id=9004, stack(0x00000000576b0000,0x00000000577b0000)]
  0x0000000001e3e000 JavaThread "main" [_thread_blocked, id=7216, stack(0x0000000002880000,0x0000000002980000)]

Other Threads:
  0x0000000056469800 VMThread [stack: 0x0000000057540000,0x0000000057640000] [id=8024]
  0x0000000057a29000 WatcherThread [stack: 0x00000000587d0000,0x00000000588d0000] [id=6916]

VM state:not at safepoint (normal execution)

VM Mutex/Monitor currently owned by a thread: None

Heap:
 PSYoungGen      total 470016K, used 302494K [0x00000000e0000000, 0x0000000100000000, 0x0000000100000000)
  eden space 416768K, 72% used [0x00000000e0000000,0x00000000f2767a38,0x00000000f9700000)
  from space 53248K, 0% used [0x00000000f9700000,0x00000000f9700000,0x00000000fcb00000)
  to   space 53760K, 0% used [0x00000000fcb80000,0x00000000fcb80000,0x0000000100000000)
 ParOldGen       total 196608K, used 35664K [0x00000000a0000000, 0x00000000ac000000, 0x00000000e0000000)
  object space 196608K, 18% used [0x00000000a0000000,0x00000000a22d4058,0x00000000ac000000)
 Metaspace       used 73403K, capacity 75828K, committed 77360K, reserved 1116160K
  class space    used 9132K, capacity 9507K, committed 10032K, reserved 1048576K

Card table byte_map: [0x0000000011d40000,0x0000000012050000] byte_map_base: 0x0000000011840000

Marking Bits: (ParMarkBitMap*) 0x000000005c859d00
 Begin Bits: [0x00000000127e0000, 0x0000000013fe0000)
 End Bits:   [0x0000000013fe0000, 0x00000000157e0000)

Polling page: 0x0000000000130000

CodeCache: size=245760Kb used=54936Kb max_used=54948Kb free=190823Kb
 bounds [0x0000000002980000, 0x0000000005fa0000, 0x0000000011980000]
 total_blobs=16103 nmethods=15328 adapters=686
 compilation: enabled

Compilation events (10 events):
Event: 11679.691 Thread 0x00000000579d6800 19903       4       com.android.ide.common.blame.SourceFile::<init> (15 bytes)
Event: 11679.691 Thread 0x00000000579d6800 nmethod 19903 0x0000000004217950 code [0x0000000004217a80, 0x0000000004217af8]
Event: 11679.691 Thread 0x00000000579d6800 19902       4       com.sun.org.apache.xerces.internal.dom.NodeImpl::getUserDataRecord (9 bytes)
Event: 11679.695 Thread 0x00000000579d6800 nmethod 19902 0x00000000034c9d50 code [0x00000000034c9ec0, 0x00000000034ca0f8]
Event: 11679.717 Thread 0x00000000579cb800 nmethod 19901 0x0000000005f002d0 code [0x0000000005f00560, 0x0000000005f01d50]
Event: 11679.903 Thread 0x00000000579d6800 19904       4       java.io.OutputStreamWriter::write (11 bytes)
Event: 11679.906 Thread 0x00000000579d6800 nmethod 19904 0x0000000004a2f510 code [0x0000000004a2f660, 0x0000000004a2f968]
Event: 11679.916 Thread 0x00000000579cb800 19905   !   4       com.sun.org.apache.xerces.internal.parsers.DOMParser::setFeature (125 bytes)
Event: 11679.917 Thread 0x00000000579d6800 19906   !   4       com.google.common.util.concurrent.ExecutionList::execute (86 bytes)
Event: 11679.917 Thread 0x00000000579cb800 nmethod 19905 0x0000000004ae6810 code [0x0000000004ae6980, 0x0000000004ae6ca8]

GC Heap History (10 events):
Event: 11485.785 GC heap before
{Heap before GC invocations=35 (full 7):
 PSYoungGen      total 434176K, used 433706K [0x00000000e0000000, 0x00000000ffa00000, 0x0000000100000000)
  eden space 420864K, 100% used [0x00000000e0000000,0x00000000f9b00000,0x00000000f9b00000)
  from space 13312K, 96% used [0x00000000f9b00000,0x00000000fa78a9a8,0x00000000fa800000)
  to   space 48640K, 0% used [0x00000000fca80000,0x00000000fca80000,0x00000000ffa00000)
 ParOldGen       total 196608K, used 44350K [0x00000000a0000000, 0x00000000ac000000, 0x00000000e0000000)
  object space 196608K, 22% used [0x00000000a0000000,0x00000000a2b4fb30,0x00000000ac000000)
 Metaspace       used 73536K, capacity 75960K, committed 77360K, reserved 1116160K
  class space    used 9167K, capacity 9561K, committed 10032K, reserved 1048576K
Event: 11485.827 GC heap after
Heap after GC invocations=35 (full 7):
 PSYoungGen      total 465920K, used 36854K [0x00000000e0000000, 0x0000000100000000, 0x0000000100000000)
  eden space 417280K, 0% used [0x00000000e0000000,0x00000000e0000000,0x00000000f9780000)
  from space 48640K, 75% used [0x00000000fca80000,0x00000000fee7d9d8,0x00000000ffa00000)
  to   space 52224K, 0% used [0x00000000f9780000,0x00000000f9780000,0x00000000fca80000)
 ParOldGen       total 196608K, used 46506K [0x00000000a0000000, 0x00000000ac000000, 0x00000000e0000000)
  object space 196608K, 23% used [0x00000000a0000000,0x00000000a2d6aa50,0x00000000ac000000)
 Metaspace       used 73536K, capacity 75960K, committed 77360K, reserved 1116160K
  class space    used 9167K, capacity 9561K, committed 10032K, reserved 1048576K
}
Event: 11486.703 GC heap before
{Heap before GC invocations=36 (full 7):
 PSYoungGen      total 465920K, used 454134K [0x00000000e0000000, 0x0000000100000000, 0x0000000100000000)
  eden space 417280K, 100% used [0x00000000e0000000,0x00000000f9780000,0x00000000f9780000)
  from space 48640K, 75% used [0x00000000fca80000,0x00000000fee7d9d8,0x00000000ffa00000)
  to   space 52224K, 0% used [0x00000000f9780000,0x00000000f9780000,0x00000000fca80000)
 ParOldGen       total 196608K, used 46506K [0x00000000a0000000, 0x00000000ac000000, 0x00000000e0000000)
  object space 196608K, 23% used [0x00000000a0000000,0x00000000a2d6aa50,0x00000000ac000000)
 Metaspace       used 73541K, capacity 75960K, committed 77360K, reserved 1116160K
  class space    used 9167K, capacity 9561K, committed 10032K, reserved 1048576K
Event: 11486.769 GC heap after
Heap after GC invocations=36 (full 7):
 PSYoungGen      total 469504K, used 35297K [0x00000000e0000000, 0x0000000100000000, 0x0000000100000000)
  eden space 417280K, 0% used [0x00000000e0000000,0x00000000e0000000,0x00000000f9780000)
  from space 52224K, 67% used [0x00000000f9780000,0x00000000fb9f86d0,0x00000000fca80000)
  to   space 54272K, 0% used [0x00000000fcb00000,0x00000000fcb00000,0x0000000100000000)
 ParOldGen       total 196608K, used 53553K [0x00000000a0000000, 0x00000000ac000000, 0x00000000e0000000)
  object space 196608K, 27% used [0x00000000a0000000,0x00000000a344c778,0x00000000ac000000)
 Metaspace       used 73541K, capacity 75960K, committed 77360K, reserved 1116160K
  class space    used 9167K, capacity 9561K, committed 10032K, reserved 1048576K
}
Event: 11489.079 GC heap before
{Heap before GC invocations=37 (full 7):
 PSYoungGen      total 469504K, used 451982K [0x00000000e0000000, 0x0000000100000000, 0x0000000100000000)
  eden space 417280K, 99% used [0x00000000e0000000,0x00000000f96eb3d0,0x00000000f9780000)
  from space 52224K, 67% used [0x00000000f9780000,0x00000000fb9f86d0,0x00000000fca80000)
  to   space 54272K, 0% used [0x00000000fcb00000,0x00000000fcb00000,0x0000000100000000)
 ParOldGen       total 196608K, used 53553K [0x00000000a0000000, 0x00000000ac000000, 0x00000000e0000000)
  object space 196608K, 27% used [0x00000000a0000000,0x00000000a344c778,0x00000000ac000000)
 Metaspace       used 73598K, capacity 75960K, committed 77360K, reserved 1116160K
  class space    used 9168K, capacity 9561K, committed 10032K, reserved 1048576K
Event: 11489.136 GC heap after
Heap after GC invocations=37 (full 7):
 PSYoungGen      total 471040K, used 8965K [0x00000000e0000000, 0x0000000100000000, 0x0000000100000000)
  eden space 416768K, 0% used [0x00000000e0000000,0x00000000e0000000,0x00000000f9700000)
  from space 54272K, 16% used [0x00000000fcb00000,0x00000000fd3c1488,0x0000000100000000)
  to   space 53248K, 0% used [0x00000000f9700000,0x00000000f9700000,0x00000000fcb00000)
 ParOldGen       total 196608K, used 58595K [0x00000000a0000000, 0x00000000ac000000, 0x00000000e0000000)
  object space 196608K, 29% used [0x00000000a0000000,0x00000000a3938f98,0x00000000ac000000)
 Metaspace       used 73598K, capacity 75960K, committed 77360K, reserved 1116160K
  class space    used 9168K, capacity 9561K, committed 10032K, reserved 1048576K
}
Event: 11489.453 GC heap before
{Heap before GC invocations=38 (full 7):
 PSYoungGen      total 471040K, used 185761K [0x00000000e0000000, 0x0000000100000000, 0x0000000100000000)
  eden space 416768K, 42% used [0x00000000e0000000,0x00000000eaca6ff8,0x00000000f9700000)
  from space 54272K, 16% used [0x00000000fcb00000,0x00000000fd3c1488,0x0000000100000000)
  to   space 53248K, 0% used [0x00000000f9700000,0x00000000f9700000,0x00000000fcb00000)
 ParOldGen       total 196608K, used 58595K [0x00000000a0000000, 0x00000000ac000000, 0x00000000e0000000)
  object space 196608K, 29% used [0x00000000a0000000,0x00000000a3938f98,0x00000000ac000000)
 Metaspace       used 73603K, capacity 75966K, committed 77360K, reserved 1116160K
  class space    used 9168K, capacity 9562K, committed 10032K, reserved 1048576K
Event: 11489.538 GC heap after
Heap after GC invocations=38 (full 7):
 PSYoungGen      total 470016K, used 64K [0x00000000e0000000, 0x0000000100000000, 0x0000000100000000)
  eden space 416768K, 0% used [0x00000000e0000000,0x00000000e0000000,0x00000000f9700000)
  from space 53248K, 0% used [0x00000000f9700000,0x00000000f9710000,0x00000000fcb00000)
  to   space 53760K, 0% used [0x00000000fcb80000,0x00000000fcb80000,0x0000000100000000)
 ParOldGen       total 196608K, used 60656K [0x00000000a0000000, 0x00000000ac000000, 0x00000000e0000000)
  object space 196608K, 30% used [0x00000000a0000000,0x00000000a3b3c278,0x00000000ac000000)
 Metaspace       used 73603K, capacity 75966K, committed 77360K, reserved 1116160K
  class space    used 9168K, capacity 9562K, committed 10032K, reserved 1048576K
}
Event: 11489.538 GC heap before
{Heap before GC invocations=39 (full 8):
 PSYoungGen      total 470016K, used 64K [0x00000000e0000000, 0x0000000100000000, 0x0000000100000000)
  eden space 416768K, 0% used [0x00000000e0000000,0x00000000e0000000,0x00000000f9700000)
  from space 53248K, 0% used [0x00000000f9700000,0x00000000f9710000,0x00000000fcb00000)
  to   space 53760K, 0% used [0x00000000fcb80000,0x00000000fcb80000,0x0000000100000000)
 ParOldGen       total 196608K, used 60656K [0x00000000a0000000, 0x00000000ac000000, 0x00000000e0000000)
  object space 196608K, 30% used [0x00000000a0000000,0x00000000a3b3c278,0x00000000ac000000)
 Metaspace       used 73603K, capacity 75966K, committed 77360K, reserved 1116160K
  class space    used 9168K, capacity 9562K, committed 10032K, reserved 1048576K
Event: 11489.764 GC heap after
Heap after GC invocations=39 (full 8):
 PSYoungGen      total 470016K, used 0K [0x00000000e0000000, 0x0000000100000000, 0x0000000100000000)
  eden space 416768K, 0% used [0x00000000e0000000,0x00000000e0000000,0x00000000f9700000)
  from space 53248K, 0% used [0x00000000f9700000,0x00000000f9700000,0x00000000fcb00000)
  to   space 53760K, 0% used [0x00000000fcb80000,0x00000000fcb80000,0x0000000100000000)
 ParOldGen       total 196608K, used 35664K [0x00000000a0000000, 0x00000000ac000000, 0x00000000e0000000)
  object space 196608K, 18% used [0x00000000a0000000,0x00000000a22d4058,0x00000000ac000000)
 Metaspace       used 73105K, capacity 75302K, committed 77360K, reserved 1116160K
  class space    used 9087K, capacity 9434K, committed 10032K, reserved 1048576K
}

Deoptimization events (10 events):
Event: 11485.554 Thread 0x000000005cf3d000 Uncommon trap: reason=unstable_if action=reinterpret pc=0x000000000391bd1c method=com.android.dx.rop.code.LocalItem.compareHandlesNulls(Lcom/android/dx/rop/cst/CstString;Lcom/android/dx/rop/cst/CstString;)I @ 14
Event: 11485.667 Thread 0x000000005cf36800 Uncommon trap: reason=class_check action=maybe_recompile pc=0x0000000005e417e4 method=com.android.dx.rop.cst.CstMemberRef.compareTo0(Lcom/android/dx/rop/cst/Constant;)I @ 1
Event: 11485.667 Thread 0x000000005cf36800 Uncommon trap: reason=class_check action=maybe_recompile pc=0x0000000005e417e4 method=com.android.dx.rop.cst.CstMemberRef.compareTo0(Lcom/android/dx/rop/cst/Constant;)I @ 1
Event: 11485.667 Thread 0x000000005cf36800 Uncommon trap: reason=class_check action=maybe_recompile pc=0x0000000005e417e4 method=com.android.dx.rop.cst.CstMemberRef.compareTo0(Lcom/android/dx/rop/cst/Constant;)I @ 1
Event: 11485.667 Thread 0x000000005cf36800 Uncommon trap: reason=class_check action=maybe_recompile pc=0x0000000005e417e4 method=com.android.dx.rop.cst.CstMemberRef.compareTo0(Lcom/android/dx/rop/cst/Constant;)I @ 1
Event: 11485.965 Thread 0x000000005cf3a000 Uncommon trap: reason=unstable_if action=reinterpret pc=0x0000000005c5924c method=java.util.concurrent.locks.AbstractQueuedSynchronizer.unparkSuccessor(Ljava/util/concurrent/locks/AbstractQueuedSynchronizer$Node;)V @ 29
Event: 11670.906 Thread 0x000000005e6dd000 Uncommon trap: reason=class_check action=maybe_recompile pc=0x00000000058fcb24 method=com.google.common.cache.LocalCache$Segment.put(Ljava/lang/Object;ILjava/lang/Object;Z)Ljava/lang/Object; @ 141
Event: 11670.907 Thread 0x000000005e6dd000 Uncommon trap: reason=class_check action=maybe_recompile pc=0x00000000058fcb24 method=com.google.common.cache.LocalCache$Segment.put(Ljava/lang/Object;ILjava/lang/Object;Z)Ljava/lang/Object; @ 141
Event: 11670.907 Thread 0x000000005e6dd000 Uncommon trap: reason=class_check action=maybe_recompile pc=0x00000000058fcb24 method=com.google.common.cache.LocalCache$Segment.put(Ljava/lang/Object;ILjava/lang/Object;Z)Ljava/lang/Object; @ 141
Event: 11674.934 Thread 0x000000005e6dd000 Uncommon trap: reason=class_check action=maybe_recompile pc=0x00000000058fcb24 method=com.google.common.cache.LocalCache$Segment.put(Ljava/lang/Object;ILjava/lang/Object;Z)Ljava/lang/Object; @ 141

Internal exceptions (10 events):
Event: 11652.123 Thread 0x000000005e6dd800 Exception <a 'java/lang/NoSuchMethodError': <clinit>> (0x00000000e047cd08) thrown at [C:\src\android\AOSP-openjdk\external\jetbrains\jdk\hotspot\src\share\vm\prims\jni.cpp, line 1591]
Event: 11652.124 Thread 0x000000005e6dd800 Exception <a 'java/lang/NoSuchMethodError': <clinit>> (0x00000000e0495920) thrown at [C:\src\android\AOSP-openjdk\external\jetbrains\jdk\hotspot\src\share\vm\prims\jni.cpp, line 1591]
Event: 11652.124 Thread 0x000000005e6dd800 Exception <a 'java/lang/NoSuchMethodError': <clinit>> (0x00000000e049eac8) thrown at [C:\src\android\AOSP-openjdk\external\jetbrains\jdk\hotspot\src\share\vm\prims\jni.cpp, line 1591]
Event: 11652.125 Thread 0x000000005e6dd800 Exception <a 'java/lang/NoSuchMethodError': <clinit>> (0x00000000e04bf4c0) thrown at [C:\src\android\AOSP-openjdk\external\jetbrains\jdk\hotspot\src\share\vm\prims\jni.cpp, line 1591]
Event: 11652.129 Thread 0x000000005e6dd000 Exception <a 'java/lang/NoSuchMethodError': <clinit>> (0x00000000e0615568) thrown at [C:\src\android\AOSP-openjdk\external\jetbrains\jdk\hotspot\src\share\vm\prims\jni.cpp, line 1591]
Event: 11652.129 Thread 0x000000005e6dd000 Exception <a 'java/lang/NoSuchMethodError': <clinit>> (0x00000000e061d6b0) thrown at [C:\src\android\AOSP-openjdk\external\jetbrains\jdk\hotspot\src\share\vm\prims\jni.cpp, line 1591]
Event: 11652.231 Thread 0x000000005e6dd000 Exception <a 'java/lang/NoSuchMethodError': <clinit>> (0x00000000e065b9e0) thrown at [C:\src\android\AOSP-openjdk\external\jetbrains\jdk\hotspot\src\share\vm\prims\jni.cpp, line 1591]
Event: 11653.548 Thread 0x000000005e6dd000 Exception <a 'java/lang/ClassNotFoundException': asLocalRepo210_12t2uk17iofjdevbhan2pu61vBeanInfo> (0x00000000e0933eb8) thrown at [C:\src\android\AOSP-openjdk\external\jetbrains\jdk\hotspot\src\share\vm\classfile\systemDictionary.cpp, line 210]
Event: 11653.548 Thread 0x000000005e6dd000 Exception <a 'java/lang/ClassNotFoundException': asLocalRepo210_12t2uk17iofjdevbhan2pu61vCustomizer> (0x00000000e093dae8) thrown at [C:\src\android\AOSP-openjdk\external\jetbrains\jdk\hotspot\src\share\vm\classfile\systemDictionary.cpp, line 210]
Event: 11658.402 Thread 0x000000005e6dd000 Exception <a 'java/lang/reflect/InvocationTargetException'> (0x00000000e789ff30) thrown at [C:\src\android\AOSP-openjdk\external\jetbrains\jdk\hotspot\src\share\vm\runtime\reflection.cpp, line 1092]

Events (10 events):
Event: 11679.679 Thread 0x0000000060d32800 Thread added: 0x0000000060d32800
Event: 11679.679 Thread 0x0000000060d33000 Thread added: 0x0000000060d33000
Event: 11679.680 Thread 0x0000000060d34000 Thread added: 0x0000000060d34000
Event: 11679.680 Thread 0x0000000060d34800 Thread added: 0x0000000060d34800
Event: 11679.680 Thread 0x0000000060d35800 Thread added: 0x0000000060d35800
Event: 11679.680 Thread 0x0000000060d36000 Thread added: 0x0000000060d36000
Event: 11679.681 Thread 0x0000000060d37000 Thread added: 0x0000000060d37000
Event: 11679.681 Thread 0x0000000060d37800 Thread added: 0x0000000060d37800
Event: 11679.681 Thread 0x0000000060d38800 Thread added: 0x0000000060d38800
Event: 11679.681 Thread 0x0000000060d39000 Thread added: 0x0000000060d39000


Dynamic libraries:
0x000000013f570000 - 0x000000013f5a1000 	C:\Program Files\Android\Android Studio\jre\bin\java.exe
0x0000000077190000 - 0x000000007733a000 	C:\Windows\SYSTEM32\ntdll.dll
0x0000000077070000 - 0x000000007718f000 	C:\Windows\system32\kernel32.dll
0x000007fefd320000 - 0x000007fefd38a000 	C:\Windows\system32\KERNELBASE.dll
0x000007fefdce0000 - 0x000007fefddbb000 	C:\Windows\system32\ADVAPI32.dll
0x000007fefddf0000 - 0x000007fefde8f000 	C:\Windows\system32\msvcrt.dll
0x000007fefd500000 - 0x000007fefd51f000 	C:\Windows\SYSTEM32\sechost.dll
0x000007fefe3b0000 - 0x000007fefe4dd000 	C:\Windows\system32\RPCRT4.dll
0x0000000076f70000 - 0x000000007706a000 	C:\Windows\system32\USER32.dll
0x000007fefd520000 - 0x000007fefd587000 	C:\Windows\system32\GDI32.dll
0x000007fefe120000 - 0x000007fefe12e000 	C:\Windows\system32\LPK.dll
0x000007fefdc10000 - 0x000007fefdcda000 	C:\Windows\system32\USP10.dll
0x000007fefbbd0000 - 0x000007fefbdc4000 	C:\Windows\WinSxS\amd64_microsoft.windows.common-controls_6595b64144ccf1df_6.0.7601.18837_none_fa3b1e3d17594757\COMCTL32.dll
0x000007fefdb40000 - 0x000007fefdbb1000 	C:\Windows\system32\SHLWAPI.dll
0x000007fefddc0000 - 0x000007fefddee000 	C:\Windows\system32\IMM32.DLL
0x000007fefda30000 - 0x000007fefdb39000 	C:\Windows\system32\MSCTF.dll
0x000000005f800000 - 0x000000005f8d2000 	C:\Program Files\Android\Android Studio\jre\jre\bin\msvcr100.dll
0x000000005c0a0000 - 0x000000005c8d4000 	C:\Program Files\Android\Android Studio\jre\jre\bin\server\jvm.dll
0x000007fefa4d0000 - 0x000007fefa4d9000 	C:\Windows\system32\WSOCK32.dll
0x000007fefdbc0000 - 0x000007fefdc0d000 	C:\Windows\system32\WS2_32.dll
0x000007fefd590000 - 0x000007fefd598000 	C:\Windows\system32\NSI.dll
0x000007fefa530000 - 0x000007fefa56b000 	C:\Windows\system32\WINMM.dll
0x000007fefc0c0000 - 0x000007fefc0cc000 	C:\Windows\system32\VERSION.dll
0x0000000077350000 - 0x0000000077357000 	C:\Windows\system32\PSAPI.DLL
0x000007fef37a0000 - 0x000007fef37af000 	C:\Program Files\Android\Android Studio\jre\jre\bin\verify.dll
0x000007fef3590000 - 0x000007fef35b9000 	C:\Program Files\Android\Android Studio\jre\jre\bin\java.dll
0x000007fef35d0000 - 0x000007fef35e6000 	C:\Program Files\Android\Android Studio\jre\jre\bin\zip.dll
0x000007fefe4e0000 - 0x000007feff269000 	C:\Windows\system32\SHELL32.dll
0x000007fefd820000 - 0x000007fefda23000 	C:\Windows\system32\ole32.dll
0x000007fefcfd0000 - 0x000007fefcfdf000 	C:\Windows\system32\profapi.dll
0x000007fef3570000 - 0x000007fef358a000 	C:\Program Files\Android\Android Studio\jre\jre\bin\net.dll
0x000007fefc770000 - 0x000007fefc7c5000 	C:\Windows\system32\mswsock.dll
0x000007fefc760000 - 0x000007fefc767000 	C:\Windows\System32\wship6.dll
0x000007fef3550000 - 0x000007fef3561000 	C:\Program Files\Android\Android Studio\jre\jre\bin\nio.dll
0x000007feef760000 - 0x000007feef772000 	C:\Users\Administrator\.gradle\native\19\windows-amd64\native-platform.dll
0x000007fefc7d0000 - 0x000007fefc7e7000 	C:\Windows\system32\CRYPTSP.dll
0x000007fefc4d0000 - 0x000007fefc517000 	C:\Windows\system32\rsaenh.dll
0x000007fefd260000 - 0x000007fefd27e000 	C:\Windows\system32\USERENV.dll
0x000007fefce30000 - 0x000007fefce3f000 	C:\Windows\system32\CRYPTBASE.dll
0x000007fefaea0000 - 0x000007fefaec7000 	C:\Windows\system32\IPHLPAPI.DLL
0x000007fefae80000 - 0x000007fefae8b000 	C:\Windows\system32\WINNSI.DLL
0x000007fefad10000 - 0x000007fefad21000 	C:\Windows\system32\dhcpcsvc6.DLL
0x000007fefacf0000 - 0x000007fefad08000 	C:\Windows\system32\dhcpcsvc.DLL
0x000007fef4200000 - 0x000007fef420d000 	C:\Program Files\Android\Android Studio\jre\jre\bin\management.dll
0x000007fefcdd0000 - 0x000007fefce27000 	C:\Windows\system32\apphelp.dll
0x000007feef780000 - 0x000007feef7a4000 	C:\Program Files\Android\Android Studio\jre\jre\bin\sunec.dll
0x000007feebb70000 - 0x000007feebb7b000 	C:\Program Files\Android\Android Studio\jre\jre\bin\sunmscapi.dll
0x000007fefd0f0000 - 0x000007fefd25c000 	C:\Windows\system32\CRYPT32.dll
0x000007fefcfe0000 - 0x000007fefcfef000 	C:\Windows\system32\MSASN1.dll

VM Arguments:
jvm_args: -Xmx1536m -Dfile.encoding=GBK -Duser.country=CN -Duser.language=zh -Duser.variant 
java_command: org.gradle.launcher.daemon.bootstrap.GradleDaemon 2.14.1
java_class_path (initial): C:\Program Files\Android\Android Studio\gradle\gradle-2.14.1\lib\gradle-launcher-2.14.1.jar
Launcher Type: SUN_STANDARD

Environment Variables:
PATH=C:\Windows\system32;C:\Windows;C:\Windows\System32\Wbem;C:\Windows\System32\WindowsPowerShell\v1.0\;c:\Program Files (x86)\Microsoft SQL Server\100\Tools\Binn\;c:\Program Files\Microsoft SQL Server\100\Tools\Binn\;c:\Program Files\Microsoft SQL Server\100\DTS\Binn\;c:\Program Files (x86)\Microsoft SQL Server\100\Tools\Binn\VSShell\Common7\IDE\;c:\Program Files (x86)\Microsoft Visual Studio 9.0\Common7\IDE\PrivateAssemblies\;c:\Program Files (x86)\Microsoft SQL Server\100\DTS\Binn\;C:\Program Files (x86)\Windows Kits\8.1\Windows Performance Toolkit\;C:\Program Files\Microsoft SQL Server\110\Tools\Binn\;C:\Program Files (x86)\Microsoft SDKs\TypeScript\1.0\;C:\Program Files\Microsoft SQL Server\120\Tools\Binn\;c:\Program Files (x86)\Microsoft ASP.NET\ASP.NET Web Pages\v1.0\;C:\Program Files\Git\cmd;C:\Users\Administrator\AppData\Local\Android\sdk\platform-tools;C:\Program Files\CMake\bin;C:\Program Files (x86)\Lua\5.1;C:\Program Files (x86)\Lua\5.1\clibs;C:\Program Files\Redis
USERNAME=Administrator
OS=Windows_NT
PROCESSOR_IDENTIFIER=Intel64 Family 6 Model 60 Stepping 3, GenuineIntel



---------------  S Y S T E M  ---------------

OS: Windows 7 , 64 bit Build 7601 (6.1.7601.23543)

CPU:total 4 (2 cores per cpu, 2 threads per core) family 6 model 60 stepping 3, cmov, cx8, fxsr, mmx, sse, sse2, sse3, ssse3, sse4.1, sse4.2, popcnt, avx, avx2, aes, clmul, erms, lzcnt, ht, tsc, tscinvbit, bmi1, bmi2

Memory: 4k page, physical 8257428k(921832k free), swap 8255568k(5300k free)

vm_info: OpenJDK 64-Bit Server VM (25.76-b03) for windows-amd64 JRE (1.8.0_76-release-b03), built on Jun 29 2016 19:09:20 by "ralucas" with MS VC++ 10.0 (VS2010)

time: Mon Nov 14 16:42:38 2016
elapsed time: 11680 seconds (0d 3h 14m 40s)

